<?xml version="1.0" encoding="UTF-8"?>
<testsuite name="domain.BeverageTest" tests="1" skipped="0" failures="0" errors="0" timestamp="2022-06-01T13:29:41" hostname="taehunleeui-MacBookPro.local" time="0.057">
  <properties/>
  <testcase name="test()" classname="domain.BeverageTest" time="0.057"/>
  <system-out><![CDATA[]]></system-out>
  <system-err><![CDATA[]]></system-err>
</testsuite>
